<?xml version="1.0" encoding="UTF-8"?>
<testng-results ignored="0" total="4" passed="4" failed="0" skipped="0">
  <reporter-output>
  </reporter-output>
  <suite started-at="2022-02-19T06:23:38Z" name="Suite" finished-at="2022-02-19T06:24:57Z" duration-ms="79144">
    <groups>
    </groups>
    <test started-at="2022-02-19T06:23:38Z" name="Test" finished-at="2022-02-19T06:24:57Z" duration-ms="79144">
      <class name="com.qa.Testcases.AppointTest">
        <test-method is-config="true" signature="beforeTest()[pri:0, instance:com.qa.Testcases.AppointTest@39655d3e]" started-at="2022-02-19T06:23:38Z" name="beforeTest" finished-at="2022-02-19T06:23:49Z" duration-ms="10826" status="PASS">
          <reporter-output>
          </reporter-output>
        </test-method> <!-- beforeTest -->
        <test-method signature="validateAppointment()[pri:0, instance:com.qa.Testcases.AppointTest@39655d3e]" started-at="2022-02-19T06:23:49Z" name="validateAppointment" finished-at="2022-02-19T06:24:03Z" duration-ms="13676" status="PASS">
          <reporter-output>
          </reporter-output>
        </test-method> <!-- validateAppointment -->
        <test-method is-config="true" signature="afterTest()[pri:0, instance:com.qa.Testcases.AppointTest@39655d3e]" started-at="2022-02-19T06:24:03Z" name="afterTest" finished-at="2022-02-19T06:24:03Z" duration-ms="104" status="PASS">
          <reporter-output>
          </reporter-output>
        </test-method> <!-- afterTest -->
      </class> <!-- com.qa.Testcases.AppointTest -->
      <class name="com.qa.Testcases.CaptureVitalsTest">
        <test-method is-config="true" signature="beforeTest()[pri:0, instance:com.qa.Testcases.CaptureVitalsTest@34f22f9d]" started-at="2022-02-19T06:24:03Z" name="beforeTest" finished-at="2022-02-19T06:24:12Z" duration-ms="9313" status="PASS">
          <reporter-output>
          </reporter-output>
        </test-method> <!-- beforeTest -->
        <test-method signature="validateLogin()[pri:0, instance:com.qa.Testcases.CaptureVitalsTest@34f22f9d]" started-at="2022-02-19T06:24:12Z" name="validateLogin" finished-at="2022-02-19T06:24:27Z" duration-ms="14448" status="PASS">
          <reporter-output>
          </reporter-output>
        </test-method> <!-- validateLogin -->
        <test-method is-config="true" signature="afterTest()[pri:0, instance:com.qa.Testcases.CaptureVitalsTest@34f22f9d]" started-at="2022-02-19T06:24:27Z" name="afterTest" finished-at="2022-02-19T06:24:27Z" duration-ms="83" status="PASS">
          <reporter-output>
          </reporter-output>
        </test-method> <!-- afterTest -->
      </class> <!-- com.qa.Testcases.CaptureVitalsTest -->
      <class name="com.qa.Testcases.LoginTest">
        <test-method is-config="true" signature="beforeTest()[pri:0, instance:com.qa.Testcases.LoginTest@3d1848cc]" started-at="2022-02-19T06:24:27Z" name="beforeTest" finished-at="2022-02-19T06:24:35Z" duration-ms="8047" status="PASS">
          <reporter-output>
          </reporter-output>
        </test-method> <!-- beforeTest -->
        <test-method signature="validateLogin()[pri:0, instance:com.qa.Testcases.LoginTest@3d1848cc]" started-at="2022-02-19T06:24:35Z" name="validateLogin" finished-at="2022-02-19T06:24:42Z" duration-ms="7277" status="PASS">
          <reporter-output>
          </reporter-output>
        </test-method> <!-- validateLogin -->
        <test-method is-config="true" signature="afterTest()[pri:0, instance:com.qa.Testcases.LoginTest@3d1848cc]" started-at="2022-02-19T06:24:42Z" name="afterTest" finished-at="2022-02-19T06:24:42Z" duration-ms="95" status="PASS">
          <reporter-output>
          </reporter-output>
        </test-method> <!-- afterTest -->
      </class> <!-- com.qa.Testcases.LoginTest -->
      <class name="com.qa.Testcases.DashboardTest">
        <test-method is-config="true" signature="beforeTest()[pri:0, instance:com.qa.Testcases.DashboardTest@7dda48d9]" started-at="2022-02-19T06:24:42Z" name="beforeTest" finished-at="2022-02-19T06:24:50Z" duration-ms="8251" status="PASS">
          <reporter-output>
          </reporter-output>
        </test-method> <!-- beforeTest -->
        <test-method signature="validateLogin()[pri:0, instance:com.qa.Testcases.DashboardTest@7dda48d9]" started-at="2022-02-19T06:24:50Z" name="validateLogin" finished-at="2022-02-19T06:24:57Z" duration-ms="6831" status="PASS">
          <reporter-output>
          </reporter-output>
        </test-method> <!-- validateLogin -->
        <test-method is-config="true" signature="afterTest()[pri:0, instance:com.qa.Testcases.DashboardTest@7dda48d9]" started-at="2022-02-19T06:24:57Z" name="afterTest" finished-at="2022-02-19T06:24:57Z" duration-ms="156" status="PASS">
          <reporter-output>
          </reporter-output>
        </test-method> <!-- afterTest -->
      </class> <!-- com.qa.Testcases.DashboardTest -->
    </test> <!-- Test -->
  </suite> <!-- Suite -->
</testng-results>
