<?xml version="1.0" encoding="UTF-8"?>
<!-- Generated by org.testng.reporters.JUnitXMLReporter -->
<testsuite ignored="0" hostname="inbl01lap7118" failures="0" tests="4" name="Test" time="79.144" errors="0" timestamp="19 Feb 2022 06:24:58 GMT">
  <testcase classname="com.qa.Testcases.AppointTest" name="validateAppointment" time="13.676"/>
  <testcase classname="com.qa.Testcases.CaptureVitalsTest" name="validateLogin" time="14.448"/>
  <testcase classname="com.qa.Testcases.LoginTest" name="validateLogin" time="7.277"/>
  <testcase classname="com.qa.Testcases.DashboardTest" name="validateLogin" time="6.831"/>
</testsuite> <!-- Test -->
